<?xml version="1.0" encoding="UTF-8"?>
<!-- Generated by org.testng.reporters.JUnitReportReporter -->
<testsuite hostname="DESKTOP-41IQ6J2" failures="0" tests="2" name="nov16.AdvanceReports" time="180.851" errors="0" timestamp="2023-11-26T22:38:44 IST" skipped="0">
  <testcase classname="nov16.AdvanceReports" name="PassTest" time="89.913"/>
  <testcase classname="nov16.AdvanceReports" name="failTest" time="90.938"/>
</testsuite> <!-- nov16.AdvanceReports -->
