<?xml version="1.0" encoding="UTF-8"?>
<!-- Generated by org.testng.reporters.JUnitReportReporter -->
<testsuite hostname="DESKTOP-41IQ6J2" failures="0" tests="1" name="nov16.Using_PropertyFiles" time="9.093" errors="0" timestamp="2023-11-26T22:44:53 IST" skipped="0">
  <testcase classname="nov16.Using_PropertyFiles" name="starttest" time="9.093">
    <system-out>
      <![CDATA[Login Fail::dashboard     https://orangehrm.qedgetech.com/symfony/web/index.php/auth/validateCredentials]]>
    </system-out>
  </testcase> <!-- starttest -->
  <system-out>
    <![CDATA[Login Fail::dashboard     https://orangehrm.qedgetech.com/symfony/web/index.php/auth/validateCredentials]]>
  </system-out>
</testsuite> <!-- nov16.Using_PropertyFiles -->
